<?xml version="1.0" encoding="UTF-8"?>
<!-- Generated by org.testng.reporters.JUnitXMLReporter -->
<testsuite hostname="DESKTOP-753JITE" ignored="0" name="Default test" tests="4" failures="0" timestamp="01 Apr 2021 18:39:05 GMT" time="35.026" errors="0">
  <testcase name="SearchShow" time="11.115" classname="TestCases.TestCase01"/>
  <testcase name="selectshow" time="8.857" classname="TestCases.TestCase01"/>
  <testcase name="verifyPage" time="0.034" classname="TestCases.TestCase01"/>
  <testcase name="captureScreenshot" time="3.973" classname="TestCases.TestCase01"/>
</testsuite> <!-- Default test -->
